17:11:37.664 [main]  INFO  com.intuit.karate - Karate version: 1.4.1
17:11:39.357 [main]  DEBUG com.intuit.karate - request:
1 > POST https://serverest.dev/usuarios
1 > Content-Type: application/json; charset=UTF-8
1 > Content-Length: 124
1 > Host: serverest.dev
1 > Connection: Keep-Alive
1 > User-Agent: Apache-HttpClient/4.5.14 (Java/17.0.19)
1 > Accept-Encoding: gzip,deflate
{"nome":"Camilo Test 1783030298988","email":"camilo_1783030298988@test.com","password":"password123","administrador":"true"}

17:11:39.943 [main]  DEBUG com.intuit.karate - response time in milliseconds: 586
1 < 201
1 < access-control-allow-origin: *
1 < x-dns-prefetch-control: off
1 < x-frame-options: SAMEORIGIN
1 < strict-transport-security: max-age=15552000; includeSubDomains
1 < x-download-options: noopen
1 < x-content-type-options: nosniff
1 < x-xss-protection: 1; mode=block
1 < content-type: application/json; charset=utf-8
1 < x-cloud-trace-context: 8e4474fb1624fc261c609f09ada43adb;o=1
1 < date: Thu, 02 Jul 2026 22:11:49 GMT
1 < server: Google Frontend
1 < Content-Length: 82
{
    "message": "Cadastro realizado com sucesso",
    "_id": "N5RO6twC78TpGenE"
}

17:11:39.965 [main]  DEBUG com.intuit.karate - request:
2 > GET https://serverest.dev/N5RO6twC78TpGenE
2 > Host: serverest.dev
2 > Connection: Keep-Alive
2 > User-Agent: Apache-HttpClient/4.5.14 (Java/17.0.19)
2 > Accept-Encoding: gzip,deflate


17:11:40.371 [main]  DEBUG com.intuit.karate - response time in milliseconds: 396
2 < 405
2 < access-control-allow-origin: *
2 < x-dns-prefetch-control: off
2 < x-frame-options: SAMEORIGIN
2 < strict-transport-security: max-age=15552000; includeSubDomains
2 < x-download-options: noopen
2 < x-content-type-options: nosniff
2 < x-xss-protection: 1; mode=block
2 < content-type: application/json; charset=utf-8
2 < x-cloud-trace-context: 9c5c02b3ea36a7f6cdfae9fcd029f99e
2 < date: Thu, 02 Jul 2026 22:11:49 GMT
2 < server: Google Frontend
2 < Content-Length: 154
{
    "message": "Năo é possível realizar GET em /N5RO6twC78TpGenE. Acesse https://serverest.dev para ver as rotas disponíveis e como utilizá-las."
}

17:11:40.380 [main]  ERROR com.intuit.karate - src/test/java/users/users.feature:21
Then status 200
status code was: 405, expected: 200, response time in milliseconds: 396, url: https://serverest.dev/N5RO6twC78TpGenE, response: 
{
    "message": "Năo é possível realizar GET em /N5RO6twC78TpGenE. Acesse https://serverest.dev para ver as rotas disponíveis e como utilizá-las."
}
src/test/java/users/users.feature:21
17:11:40.397 [main]  DEBUG com.intuit.karate - request:
1 > GET https://serverest.dev/usuarios/ID_NO_EXISTENTE
1 > Host: serverest.dev
1 > Connection: Keep-Alive
1 > User-Agent: Apache-HttpClient/4.5.14 (Java/17.0.19)
1 > Accept-Encoding: gzip,deflate


17:11:40.808 [main]  DEBUG com.intuit.karate - response time in milliseconds: 410
1 < 400
1 < access-control-allow-origin: *
1 < x-dns-prefetch-control: off
1 < x-frame-options: SAMEORIGIN
1 < strict-transport-security: max-age=15552000; includeSubDomains
1 < x-download-options: noopen
1 < x-content-type-options: nosniff
1 < x-xss-protection: 1; mode=block
1 < content-type: application/json; charset=utf-8
1 < x-cloud-trace-context: f00ebfd784361ad673b5d0ec765dd02f
1 < date: Thu, 02 Jul 2026 22:11:50 GMT
1 < server: Google Frontend
1 < Content-Length: 67
{
    "id": "id deve ter exatamente 16 caracteres alfanuméricos"
}

17:11:40.810 [main]  ERROR com.intuit.karate - src/test/java/users/users.feature:43
And match response.message == 'Usuário năo encontrado'
match failed: EQUALS
  $ | actual path does not exist (STRING:STRING)
  '#notpresent'
  'Usuário năo encontrado'

src/test/java/users/users.feature:43
17:11:41.441 [main]  INFO  com.intuit.karate.Suite - <<fail>> feature 1 of 1 (0 remaining) src/test/java/users/users.feature
17:14:59.276 [main]  INFO  com.intuit.karate - Karate version: 1.4.1
17:14:59.613 [main]  INFO  com.intuit.karate.Suite - backed up existing 'target\karate-reports' dir to: target\karate-reports_1783030499591
17:15:01.239 [main]  DEBUG com.intuit.karate - request:
1 > POST https://serverest.dev/usuarios
1 > Content-Type: application/json; charset=UTF-8
1 > Content-Length: 124
1 > Host: serverest.dev
1 > Connection: Keep-Alive
1 > User-Agent: Apache-HttpClient/4.5.14 (Java/17.0.19)
1 > Accept-Encoding: gzip,deflate
{"nome":"Camilo Test 1783030500861","email":"camilo_1783030500861@test.com","password":"password123","administrador":"true"}

17:15:01.923 [main]  DEBUG com.intuit.karate - response time in milliseconds: 678
1 < 201
1 < access-control-allow-origin: *
1 < x-dns-prefetch-control: off
1 < x-frame-options: SAMEORIGIN
1 < strict-transport-security: max-age=15552000; includeSubDomains
1 < x-download-options: noopen
1 < x-content-type-options: nosniff
1 < x-xss-protection: 1; mode=block
1 < content-type: application/json; charset=utf-8
1 < x-cloud-trace-context: 93d7ea159081a032cabe082276988174
1 < date: Thu, 02 Jul 2026 22:15:11 GMT
1 < server: Google Frontend
1 < Content-Length: 82
{
    "message": "Cadastro realizado com sucesso",
    "_id": "VMuF5sOAThDkYyV3"
}

17:15:01.958 [main]  DEBUG com.intuit.karate - request:
2 > GET https://serverest.dev/usuarios/VMuF5sOAThDkYyV3
2 > Host: serverest.dev
2 > Connection: Keep-Alive
2 > User-Agent: Apache-HttpClient/4.5.14 (Java/17.0.19)
2 > Accept-Encoding: gzip,deflate


17:15:02.386 [main]  DEBUG com.intuit.karate - response time in milliseconds: 427
2 < 200
2 < access-control-allow-origin: *
2 < x-dns-prefetch-control: off
2 < x-frame-options: SAMEORIGIN
2 < strict-transport-security: max-age=15552000; includeSubDomains
2 < x-download-options: noopen
2 < x-content-type-options: nosniff
2 < x-xss-protection: 1; mode=block
2 < content-type: application/json; charset=utf-8
2 < x-cloud-trace-context: 320530b674927322b4937cb23ac0a422
2 < date: Thu, 02 Jul 2026 22:15:11 GMT
2 < server: Google Frontend
2 < Content-Length: 180
{
    "nome": "Camilo Test 1783030500861",
    "email": "camilo_1783030500861@test.com",
    "password": "password123",
    "administrador": "true",
    "_id": "VMuF5sOAThDkYyV3"
}

17:15:02.395 [main]  DEBUG com.intuit.karate - request:
3 > PUT https://serverest.dev/usuarios/VMuF5sOAThDkYyV3
3 > Content-Type: application/json; charset=UTF-8
3 > Content-Length: 124
3 > Host: serverest.dev
3 > Connection: Keep-Alive
3 > User-Agent: Apache-HttpClient/4.5.14 (Java/17.0.19)
3 > Accept-Encoding: gzip,deflate
{"nome":"Camilo Test 1783030502393","email":"camilo_1783030502393@test.com","password":"password123","administrador":"true"}

17:15:02.817 [main]  DEBUG com.intuit.karate - response time in milliseconds: 420
3 < 200
3 < access-control-allow-origin: *
3 < x-dns-prefetch-control: off
3 < x-frame-options: SAMEORIGIN
3 < strict-transport-security: max-age=15552000; includeSubDomains
3 < x-download-options: noopen
3 < x-content-type-options: nosniff
3 < x-xss-protection: 1; mode=block
3 < content-type: application/json; charset=utf-8
3 < x-cloud-trace-context: 3cd5d2a5309ba499aab307d5d7bc0b80
3 < date: Thu, 02 Jul 2026 22:15:12 GMT
3 < server: Google Frontend
3 < Content-Length: 50
{
    "message": "Registro alterado com sucesso"
}

17:15:02.820 [main]  DEBUG com.intuit.karate - request:
4 > DELETE https://serverest.dev/usuarios/VMuF5sOAThDkYyV3
4 > Host: serverest.dev
4 > Connection: Keep-Alive
4 > User-Agent: Apache-HttpClient/4.5.14 (Java/17.0.19)
4 > Accept-Encoding: gzip,deflate


17:15:03.225 [main]  DEBUG com.intuit.karate - response time in milliseconds: 402
4 < 200
4 < access-control-allow-origin: *
4 < x-dns-prefetch-control: off
4 < x-frame-options: SAMEORIGIN
4 < strict-transport-security: max-age=15552000; includeSubDomains
4 < x-download-options: noopen
4 < x-content-type-options: nosniff
4 < x-xss-protection: 1; mode=block
4 < content-type: application/json; charset=utf-8
4 < x-cloud-trace-context: ae4d472e4d99276a5b13f3482bb44f7d
4 < date: Thu, 02 Jul 2026 22:15:12 GMT
4 < server: Google Frontend
4 < Content-Length: 51
{
    "message": "Registro excluído com sucesso"
}

17:15:03.242 [main]  DEBUG com.intuit.karate - request:
1 > GET https://serverest.dev/usuarios/0000000000000000
1 > Host: serverest.dev
1 > Connection: Keep-Alive
1 > User-Agent: Apache-HttpClient/4.5.14 (Java/17.0.19)
1 > Accept-Encoding: gzip,deflate


17:15:03.749 [main]  DEBUG com.intuit.karate - response time in milliseconds: 507
1 < 400
1 < access-control-allow-origin: *
1 < x-dns-prefetch-control: off
1 < x-frame-options: SAMEORIGIN
1 < strict-transport-security: max-age=15552000; includeSubDomains
1 < x-download-options: noopen
1 < x-content-type-options: nosniff
1 < x-xss-protection: 1; mode=block
1 < content-type: application/json; charset=utf-8
1 < x-cloud-trace-context: 807c0cb65c48f33326a2daf01a4e21af
1 < date: Thu, 02 Jul 2026 22:15:13 GMT
1 < server: Google Frontend
1 < Content-Length: 45
{
    "message": "Usuário năo encontrado"
}

17:15:04.484 [main]  INFO  com.intuit.karate.Suite - <<pass>> feature 1 of 1 (0 remaining) src/test/java/users/users.feature
17:25:04.230 [main]  INFO  com.intuit.karate - Karate version: 1.4.1
17:25:04.562 [main]  INFO  com.intuit.karate.Suite - backed up existing 'target\karate-reports' dir to: target\karate-reports_1783031104543
17:25:05.928 [main]  DEBUG com.intuit.karate - request:
1 > POST https://serverest.dev/usuarios
1 > Content-Type: application/json; charset=UTF-8
1 > Content-Length: 124
1 > Host: serverest.dev
1 > Connection: Keep-Alive
1 > User-Agent: Apache-HttpClient/4.5.14 (Java/17.0.19)
1 > Accept-Encoding: gzip,deflate
{"nome":"Camilo Test 1783031105587","email":"camilo_1783031105587@test.com","password":"password123","administrador":"true"}

17:25:06.867 [main]  DEBUG com.intuit.karate - response time in milliseconds: 935
1 < 201
1 < access-control-allow-origin: *
1 < x-dns-prefetch-control: off
1 < x-frame-options: SAMEORIGIN
1 < strict-transport-security: max-age=15552000; includeSubDomains
1 < x-download-options: noopen
1 < x-content-type-options: nosniff
1 < x-xss-protection: 1; mode=block
1 < content-type: application/json; charset=utf-8
1 < x-cloud-trace-context: 88f1895ff719065c33e4b1a57253605d;o=1
1 < date: Thu, 02 Jul 2026 22:25:16 GMT
1 < server: Google Frontend
1 < Content-Length: 82
{
    "message": "Cadastro realizado com sucesso",
    "_id": "MMFchF1qAeqfnylF"
}

17:25:06.891 [main]  DEBUG com.intuit.karate - request:
2 > GET https://serverest.dev/usuarios/MMFchF1qAeqfnylF
2 > Host: serverest.dev
2 > Connection: Keep-Alive
2 > User-Agent: Apache-HttpClient/4.5.14 (Java/17.0.19)
2 > Accept-Encoding: gzip,deflate


17:25:07.424 [main]  DEBUG com.intuit.karate - response time in milliseconds: 531
2 < 200
2 < access-control-allow-origin: *
2 < x-dns-prefetch-control: off
2 < x-frame-options: SAMEORIGIN
2 < strict-transport-security: max-age=15552000; includeSubDomains
2 < x-download-options: noopen
2 < x-content-type-options: nosniff
2 < x-xss-protection: 1; mode=block
2 < content-type: application/json; charset=utf-8
2 < x-cloud-trace-context: 9bf1305782c39b985874f0d0f7efc3d7
2 < date: Thu, 02 Jul 2026 22:25:16 GMT
2 < server: Google Frontend
2 < Content-Length: 180
{
    "nome": "Camilo Test 1783031105587",
    "email": "camilo_1783031105587@test.com",
    "password": "password123",
    "administrador": "true",
    "_id": "MMFchF1qAeqfnylF"
}

17:25:07.430 [main]  DEBUG com.intuit.karate - request:
3 > PUT https://serverest.dev/usuarios/MMFchF1qAeqfnylF
3 > Content-Type: application/json; charset=UTF-8
3 > Content-Length: 124
3 > Host: serverest.dev
3 > Connection: Keep-Alive
3 > User-Agent: Apache-HttpClient/4.5.14 (Java/17.0.19)
3 > Accept-Encoding: gzip,deflate
{"nome":"Camilo Test 1783031107428","email":"camilo_1783031107428@test.com","password":"password123","administrador":"true"}

17:25:07.849 [main]  DEBUG com.intuit.karate - response time in milliseconds: 417
3 < 200
3 < access-control-allow-origin: *
3 < x-dns-prefetch-control: off
3 < x-frame-options: SAMEORIGIN
3 < strict-transport-security: max-age=15552000; includeSubDomains
3 < x-download-options: noopen
3 < x-content-type-options: nosniff
3 < x-xss-protection: 1; mode=block
3 < content-type: application/json; charset=utf-8
3 < x-cloud-trace-context: 3c6a8731b65b042e4b536cc6baeecfc5
3 < date: Thu, 02 Jul 2026 22:25:17 GMT
3 < server: Google Frontend
3 < Content-Length: 50
{
    "message": "Registro alterado com sucesso"
}

17:25:07.856 [main]  DEBUG com.intuit.karate - request:
4 > DELETE https://serverest.dev/usuarios/MMFchF1qAeqfnylF
4 > Host: serverest.dev
4 > Connection: Keep-Alive
4 > User-Agent: Apache-HttpClient/4.5.14 (Java/17.0.19)
4 > Accept-Encoding: gzip,deflate


17:25:08.264 [main]  DEBUG com.intuit.karate - response time in milliseconds: 408
4 < 200
4 < access-control-allow-origin: *
4 < x-dns-prefetch-control: off
4 < x-frame-options: SAMEORIGIN
4 < strict-transport-security: max-age=15552000; includeSubDomains
4 < x-download-options: noopen
4 < x-content-type-options: nosniff
4 < x-xss-protection: 1; mode=block
4 < content-type: application/json; charset=utf-8
4 < x-cloud-trace-context: 9e63afa21e613d02c7b0d2734650a341
4 < date: Thu, 02 Jul 2026 22:25:17 GMT
4 < server: Google Frontend
4 < Content-Length: 51
{
    "message": "Registro excluído com sucesso"
}

17:25:08.281 [main]  DEBUG com.intuit.karate - request:
1 > GET https://serverest.dev/usuarios/0000000000000000
1 > Host: serverest.dev
1 > Connection: Keep-Alive
1 > User-Agent: Apache-HttpClient/4.5.14 (Java/17.0.19)
1 > Accept-Encoding: gzip,deflate


17:25:08.781 [main]  DEBUG com.intuit.karate - response time in milliseconds: 500
1 < 400
1 < access-control-allow-origin: *
1 < x-dns-prefetch-control: off
1 < x-frame-options: SAMEORIGIN
1 < strict-transport-security: max-age=15552000; includeSubDomains
1 < x-download-options: noopen
1 < x-content-type-options: nosniff
1 < x-xss-protection: 1; mode=block
1 < content-type: application/json; charset=utf-8
1 < x-cloud-trace-context: d0d29dc28b5c4f5ea67a0a5f99edf570
1 < date: Thu, 02 Jul 2026 22:25:18 GMT
1 < server: Google Frontend
1 < Content-Length: 45
{
    "message": "Usuário năo encontrado"
}

17:25:09.385 [main]  INFO  com.intuit.karate.Suite - <<pass>> feature 1 of 1 (0 remaining) src/test/java/users/users.feature
